# JRE version: OpenJDK Runtime Environment Temurin-21.0.9+10 (21.0.9+10) (build 21.0.9+10-LTS)
# Java VM: OpenJDK 64-Bit Server VM Temurin-21.0.9+10 (21.0.9+10-LTS, mixed mode, sharing, tiered, compressed oops, compressed class ptrs, parallel gc, windows-amd64)
GC Precious Log:
 CardTable entry size: 512
 CPUs: 16 total, 16 available
 Memory: 15557M
 Large Page Support: Disabled
 NUMA Support: Disabled
 Compressed Oops: Enabled (32-bit)
 Alignments: Space 512K, Generation 512K, Heap 2M
 Heap Min Capacity: 100M
 Heap Initial Capacity: 100M
 Heap Max Capacity: 2G
 Pre-touch: Disabled
 Parallel Workers: 13
Heap:
 PSYoungGen      total 3584K, used 2708K [0x00000000d5580000, 0x00000000d5c80000, 0x0000000100000000)
  eden space 3072K, 88% used [0x00000000d5580000,0x00000000d58251e0,0x00000000d5880000)
  from space 512K, 0% used [0x00000000d5c00000,0x00000000d5c00000,0x00000000d5c80000)
  to   space 1024K, 0% used [0x00000000d5a80000,0x00000000d5a80000,0x00000000d5b80000)
 ParOldGen       total 517120K, used 75992K [0x0000000080000000, 0x000000009f900000, 0x00000000d5580000)
  object space 517120K, 14% used [0x0000000080000000,0x0000000084a36160,0x000000009f900000)
 Metaspace       used 89547K, committed 92160K, reserved 1179648K
  class space    used 10459K, committed 11456K, reserved 1048576K
GC Heap History (20 events):
Event: 13099.440 GC heap before
{Heap before GC invocations=667 (full 3):
 PSYoungGen      total 4096K, used 4071K [0x00000000d5580000, 0x00000000d6080000, 0x0000000100000000)
  eden space 3072K, 100% used [0x00000000d5580000,0x00000000d5880000,0x00000000d5880000)
  from space 1024K, 97% used [0x00000000d5900000,0x00000000d59f9f20,0x00000000d5a00000)
  to   space 4096K, 0% used [0x00000000d5c80000,0x00000000d5c80000,0x00000000d6080000)
 ParOldGen       total 511488K, used 511256K [0x0000000080000000, 0x000000009f380000, 0x00000000d5580000)
  object space 511488K, 99% used [0x0000000080000000,0x000000009f3460c0,0x000000009f380000)
 Metaspace       used 90286K, committed 92096K, reserved 1179648K
  class space    used 10634K, committed 11456K, reserved 1048576K
}
Event: 13099.446 GC heap after
{Heap after GC invocations=667 (full 3):
 PSYoungGen      total 4608K, used 1504K [0x00000000d5580000, 0x00000000d5e00000, 0x0000000100000000)
  eden space 3072K, 0% used [0x00000000d5580000,0x00000000d5580000,0x00000000d5880000)
  from space 1536K, 97% used [0x00000000d5c80000,0x00000000d5df8020,0x00000000d5e00000)
  to   space 2560K, 0% used [0x00000000d5900000,0x00000000d5900000,0x00000000d5b80000)
 ParOldGen       total 512512K, used 512287K [0x0000000080000000, 0x000000009f480000, 0x00000000d5580000)
  object space 512512K, 99% used [0x0000000080000000,0x000000009f447fe0,0x000000009f480000)
 Metaspace       used 90286K, committed 92096K, reserved 1179648K
  class space    used 10634K, committed 11456K, reserved 1048576K
}
Event: 13099.457 GC heap before
{Heap before GC invocations=668 (full 3):
 PSYoungGen      total 4608K, used 4576K [0x00000000d5580000, 0x00000000d5e00000, 0x0000000100000000)
  eden space 3072K, 100% used [0x00000000d5580000,0x00000000d5880000,0x00000000d5880000)
  from space 1536K, 97% used [0x00000000d5c80000,0x00000000d5df8020,0x00000000d5e00000)
  to   space 2560K, 0% used [0x00000000d5900000,0x00000000d5900000,0x00000000d5b80000)
 ParOldGen       total 512512K, used 512287K [0x0000000080000000, 0x000000009f480000, 0x00000000d5580000)
  object space 512512K, 99% used [0x0000000080000000,0x000000009f447fe0,0x000000009f480000)
 Metaspace       used 90302K, committed 92096K, reserved 1179648K
  class space    used 10634K, committed 11456K, reserved 1048576K
}
Event: 13099.461 GC heap after
{Heap after GC invocations=668 (full 3):
 PSYoungGen      total 5632K, used 2543K [0x00000000d5580000, 0x00000000d6280000, 0x0000000100000000)
  eden space 3072K, 0% used [0x00000000d5580000,0x00000000d5580000,0x00000000d5880000)
  from space 2560K, 99% used [0x00000000d5900000,0x00000000d5b7be40,0x00000000d5b80000)
  to   space 5120K, 0% used [0x00000000d5d80000,0x00000000d5d80000,0x00000000d6280000)
 ParOldGen       total 514048K, used 513978K [0x0000000080000000, 0x000000009f600000, 0x00000000d5580000)
  object space 514048K, 99% used [0x0000000080000000,0x000000009f5ee830,0x000000009f600000)
 Metaspace       used 90302K, committed 92096K, reserved 1179648K
  class space    used 10634K, committed 11456K, reserved 1048576K
}
Event: 13099.471 GC heap before
{Heap before GC invocations=669 (full 3):
 PSYoungGen      total 5632K, used 5615K [0x00000000d5580000, 0x00000000d6280000, 0x0000000100000000)
  eden space 3072K, 100% used [0x00000000d5580000,0x00000000d5880000,0x00000000d5880000)
  from space 2560K, 99% used [0x00000000d5900000,0x00000000d5b7be40,0x00000000d5b80000)
  to   space 5120K, 0% used [0x00000000d5d80000,0x00000000d5d80000,0x00000000d6280000)
 ParOldGen       total 514048K, used 513978K [0x0000000080000000, 0x000000009f600000, 0x00000000d5580000)
  object space 514048K, 99% used [0x0000000080000000,0x000000009f5ee830,0x000000009f600000)
 Metaspace       used 90310K, committed 92160K, reserved 1179648K
  class space    used 10634K, committed 11456K, reserved 1048576K
}
Event: 13099.475 GC heap after
{Heap after GC invocations=669 (full 3):
 PSYoungGen      total 5632K, used 2255K [0x00000000d5580000, 0x00000000d6000000, 0x0000000100000000)
  eden space 3072K, 0% used [0x00000000d5580000,0x00000000d5580000,0x00000000d5880000)
  from space 2560K, 88% used [0x00000000d5d80000,0x00000000d5fb3e40,0x00000000d6000000)
  to   space 3072K, 0% used [0x00000000d5a00000,0x00000000d5a00000,0x00000000d5d00000)
 ParOldGen       total 514560K, used 514130K [0x0000000080000000, 0x000000009f680000, 0x00000000d5580000)
  object space 514560K, 99% used [0x0000000080000000,0x000000009f614830,0x000000009f680000)
 Metaspace       used 90310K, committed 92160K, reserved 1179648K
  class space    used 10634K, committed 11456K, reserved 1048576K
}
Event: 13487.344 GC heap before
{Heap before GC invocations=670 (full 3):
 PSYoungGen      total 5632K, used 5327K [0x00000000d5580000, 0x00000000d6000000, 0x0000000100000000)
  eden space 3072K, 100% used [0x00000000d5580000,0x00000000d5880000,0x00000000d5880000)
  from space 2560K, 88% used [0x00000000d5d80000,0x00000000d5fb3e40,0x00000000d6000000)
  to   space 3072K, 0% used [0x00000000d5a00000,0x00000000d5a00000,0x00000000d5d00000)
 ParOldGen       total 514560K, used 514130K [0x0000000080000000, 0x000000009f680000, 0x00000000d5580000)
  object space 514560K, 99% used [0x0000000080000000,0x000000009f614830,0x000000009f680000)
 Metaspace       used 90316K, committed 92160K, reserved 1179648K
  class space    used 10635K, committed 11456K, reserved 1048576K
}
Event: 13487.472 GC heap after
{Heap after GC invocations=670 (full 3):
 PSYoungGen      total 3584K, used 416K [0x00000000d5580000, 0x00000000d5e00000, 0x0000000100000000)
  eden space 3072K, 0% used [0x00000000d5580000,0x00000000d5580000,0x00000000d5880000)
  from space 512K, 81% used [0x00000000d5a00000,0x00000000d5a68000,0x00000000d5a80000)
  to   space 1536K, 0% used [0x00000000d5c80000,0x00000000d5c80000,0x00000000d5e00000)
 ParOldGen       total 514560K, used 514154K [0x0000000080000000, 0x000000009f680000, 0x00000000d5580000)
  object space 514560K, 99% used [0x0000000080000000,0x000000009f61a830,0x000000009f680000)
 Metaspace       used 90316K, committed 92160K, reserved 1179648K
  class space    used 10635K, committed 11456K, reserved 1048576K
}
Event: 13488.027 GC heap before
{Heap before GC invocations=671 (full 3):
 PSYoungGen      total 3584K, used 3488K [0x00000000d5580000, 0x00000000d5e00000, 0x0000000100000000)
  eden space 3072K, 100% used [0x00000000d5580000,0x00000000d5880000,0x00000000d5880000)
  from space 512K, 81% used [0x00000000d5a00000,0x00000000d5a68000,0x00000000d5a80000)
  to   space 1536K, 0% used [0x00000000d5c80000,0x00000000d5c80000,0x00000000d5e00000)
 ParOldGen       total 514560K, used 514154K [0x0000000080000000, 0x000000009f680000, 0x00000000d5580000)
  object space 514560K, 99% used [0x0000000080000000,0x000000009f61a830,0x000000009f680000)
 Metaspace       used 90318K, committed 92160K, reserved 1179648K
  class space    used 10635K, committed 11456K, reserved 1048576K
}
Event: 13488.054 GC heap after
{Heap after GC invocations=671 (full 3):
 PSYoungGen      total 3584K, used 480K [0x00000000d5580000, 0x00000000d5d00000, 0x0000000100000000)
  eden space 3072K, 0% used [0x00000000d5580000,0x00000000d5580000,0x00000000d5880000)
  from space 512K, 93% used [0x00000000d5c80000,0x00000000d5cf8000,0x00000000d5d00000)
  to   space 1024K, 0% used [0x00000000d5b00000,0x00000000d5b00000,0x00000000d5c00000)
 ParOldGen       total 514560K, used 514242K [0x0000000080000000, 0x000000009f680000, 0x00000000d5580000)
  object space 514560K, 99% used [0x0000000080000000,0x000000009f630830,0x000000009f680000)
 Metaspace       used 90318K, committed 92160K, reserved 1179648K
  class space    used 10635K, committed 11456K, reserved 1048576K
}
Event: 13488.218 GC heap before
{Heap before GC invocations=672 (full 3):
 PSYoungGen      total 3584K, used 3552K [0x00000000d5580000, 0x00000000d5d00000, 0x0000000100000000)
  eden space 3072K, 100% used [0x00000000d5580000,0x00000000d5880000,0x00000000d5880000)
  from space 512K, 93% used [0x00000000d5c80000,0x00000000d5cf8000,0x00000000d5d00000)
  to   space 1024K, 0% used [0x00000000d5b00000,0x00000000d5b00000,0x00000000d5c00000)
 ParOldGen       total 514560K, used 514242K [0x0000000080000000, 0x000000009f680000, 0x00000000d5580000)
  object space 514560K, 99% used [0x0000000080000000,0x000000009f630830,0x000000009f680000)
 Metaspace       used 90327K, committed 92160K, reserved 1179648K
  class space    used 10635K, committed 11456K, reserved 1048576K
}
Event: 13488.264 GC heap after
{Heap after GC invocations=672 (full 3):
 PSYoungGen      total 4096K, used 1008K [0x00000000d5580000, 0x00000000d5d00000, 0x0000000100000000)
  eden space 3072K, 0% used [0x00000000d5580000,0x00000000d5580000,0x00000000d5880000)
  from space 1024K, 98% used [0x00000000d5b00000,0x00000000d5bfc080,0x00000000d5c00000)
  to   space 1024K, 0% used [0x00000000d5c00000,0x00000000d5c00000,0x00000000d5d00000)
 ParOldGen       total 515072K, used 514753K [0x0000000080000000, 0x000000009f700000, 0x00000000d5580000)
  object space 515072K, 99% used [0x0000000080000000,0x000000009f6b07b8,0x000000009f700000)
 Metaspace       used 90327K, committed 92160K, reserved 1179648K
  class space    used 10635K, committed 11456K, reserved 1048576K
}
Event: 13488.528 GC heap before
{Heap before GC invocations=673 (full 3):
 PSYoungGen      total 4096K, used 4080K [0x00000000d5580000, 0x00000000d5d00000, 0x0000000100000000)
  eden space 3072K, 100% used [0x00000000d5580000,0x00000000d5880000,0x00000000d5880000)
  from space 1024K, 98% used [0x00000000d5b00000,0x00000000d5bfc080,0x00000000d5c00000)
  to   space 1024K, 0% used [0x00000000d5c00000,0x00000000d5c00000,0x00000000d5d00000)
 ParOldGen       total 515072K, used 514753K [0x0000000080000000, 0x000000009f700000, 0x00000000d5580000)
  object space 515072K, 99% used [0x0000000080000000,0x000000009f6b07b8,0x000000009f700000)
 Metaspace       used 90329K, committed 92160K, reserved 1179648K
  class space    used 10635K, committed 11456K, reserved 1048576K
}
Event: 13488.540 GC heap after
{Heap after GC invocations=673 (full 3):
 PSYoungGen      total 4096K, used 720K [0x00000000d5580000, 0x00000000d5d00000, 0x0000000100000000)
  eden space 3072K, 0% used [0x00000000d5580000,0x00000000d5580000,0x00000000d5880000)
  from space 1024K, 70% used [0x00000000d5c00000,0x00000000d5cb4030,0x00000000d5d00000)
  to   space 1024K, 0% used [0x00000000d5b00000,0x00000000d5b00000,0x00000000d5c00000)
 ParOldGen       total 515584K, used 515349K [0x0000000080000000, 0x000000009f780000, 0x00000000d5580000)
  object space 515584K, 99% used [0x0000000080000000,0x000000009f7455a8,0x000000009f780000)
 Metaspace       used 90329K, committed 92160K, reserved 1179648K
  class space    used 10635K, committed 11456K, reserved 1048576K
}
Event: 13488.617 GC heap before
{Heap before GC invocations=674 (full 3):
 PSYoungGen      total 4096K, used 3792K [0x00000000d5580000, 0x00000000d5d00000, 0x0000000100000000)
  eden space 3072K, 100% used [0x00000000d5580000,0x00000000d5880000,0x00000000d5880000)
  from space 1024K, 70% used [0x00000000d5c00000,0x00000000d5cb4030,0x00000000d5d00000)
  to   space 1024K, 0% used [0x00000000d5b00000,0x00000000d5b00000,0x00000000d5c00000)
 ParOldGen       total 515584K, used 515349K [0x0000000080000000, 0x000000009f780000, 0x00000000d5580000)
  object space 515584K, 99% used [0x0000000080000000,0x000000009f7455a8,0x000000009f780000)
 Metaspace       used 90331K, committed 92160K, reserved 1179648K
  class space    used 10635K, committed 11456K, reserved 1048576K
}
Event: 13488.641 GC heap after
{Heap after GC invocations=674 (full 3):
 PSYoungGen      total 4096K, used 1024K [0x00000000d5580000, 0x00000000d5c80000, 0x0000000100000000)
  eden space 3072K, 0% used [0x00000000d5580000,0x00000000d5580000,0x00000000d5880000)
  from space 1024K, 100% used [0x00000000d5b00000,0x00000000d5c00000,0x00000000d5c00000)
  to   space 512K, 0% used [0x00000000d5c00000,0x00000000d5c00000,0x00000000d5c80000)
 ParOldGen       total 516096K, used 515844K [0x0000000080000000, 0x000000009f800000, 0x00000000d5580000)
  object space 516096K, 99% used [0x0000000080000000,0x000000009f7c1378,0x000000009f800000)
 Metaspace       used 90331K, committed 92160K, reserved 1179648K
  class space    used 10635K, committed 11456K, reserved 1048576K
}
Event: 13488.759 GC heap before
{Heap before GC invocations=675 (full 3):
 PSYoungGen      total 4096K, used 2854K [0x00000000d5580000, 0x00000000d5c80000, 0x0000000100000000)
  eden space 3072K, 59% used [0x00000000d5580000,0x00000000d5749ba0,0x00000000d5880000)
  from space 1024K, 100% used [0x00000000d5b00000,0x00000000d5c00000,0x00000000d5c00000)
  to   space 512K, 0% used [0x00000000d5c00000,0x00000000d5c00000,0x00000000d5c80000)
 ParOldGen       total 516096K, used 515844K [0x0000000080000000, 0x000000009f800000, 0x00000000d5580000)
  object space 516096K, 99% used [0x0000000080000000,0x000000009f7c1378,0x000000009f800000)
 Metaspace       used 90331K, committed 92160K, reserved 1179648K
  class space    used 10635K, committed 11456K, reserved 1048576K
}
Event: 13488.775 GC heap after
{Heap after GC invocations=675 (full 3):
 PSYoungGen      total 3584K, used 320K [0x00000000d5580000, 0x00000000d5c80000, 0x0000000100000000)
  eden space 3072K, 0% used [0x00000000d5580000,0x00000000d5580000,0x00000000d5880000)
  from space 512K, 62% used [0x00000000d5c00000,0x00000000d5c50000,0x00000000d5c80000)
  to   space 1024K, 0% used [0x00000000d5a80000,0x00000000d5a80000,0x00000000d5b80000)
 ParOldGen       total 517120K, used 516676K [0x0000000080000000, 0x000000009f900000, 0x00000000d5580000)
  object space 517120K, 99% used [0x0000000080000000,0x000000009f891378,0x000000009f900000)
 Metaspace       used 90331K, committed 92160K, reserved 1179648K
  class space    used 10635K, committed 11456K, reserved 1048576K
}
Event: 13488.777 GC heap before
{Heap before GC invocations=676 (full 4):
 PSYoungGen      total 3584K, used 320K [0x00000000d5580000, 0x00000000d5c80000, 0x0000000100000000)
  eden space 3072K, 0% used [0x00000000d5580000,0x00000000d5580000,0x00000000d5880000)
  from space 512K, 62% used [0x00000000d5c00000,0x00000000d5c50000,0x00000000d5c80000)
  to   space 1024K, 0% used [0x00000000d5a80000,0x00000000d5a80000,0x00000000d5b80000)
 ParOldGen       total 517120K, used 516676K [0x0000000080000000, 0x000000009f900000, 0x00000000d5580000)
  object space 517120K, 99% used [0x0000000080000000,0x000000009f891378,0x000000009f900000)
 Metaspace       used 90331K, committed 92160K, reserved 1179648K
  class space    used 10635K, committed 11456K, reserved 1048576K
}
Event: 13497.038 GC heap after
{Heap after GC invocations=676 (full 4):
 PSYoungGen      total 3584K, used 0K [0x00000000d5580000, 0x00000000d5c80000, 0x0000000100000000)
  eden space 3072K, 0% used [0x00000000d5580000,0x00000000d5580000,0x00000000d5880000)
  from space 512K, 0% used [0x00000000d5c00000,0x00000000d5c00000,0x00000000d5c80000)
  to   space 1024K, 0% used [0x00000000d5a80000,0x00000000d5a80000,0x00000000d5b80000)
 ParOldGen       total 517120K, used 75992K [0x0000000080000000, 0x000000009f900000, 0x00000000d5580000)
  object space 517120K, 14% used [0x0000000080000000,0x0000000084a36160,0x000000009f900000)
 Metaspace       used 89547K, committed 92160K, reserved 1179648K
  class space    used 10459K, committed 11456K, reserved 1048576K
}

